{"/home/crcttec/node-api/node-api/src/controllers/userController.js": {"path":"/home/crcttec/node-api/node-api/src/controllers/userController.js","statementMap":{"0":{"start":{"line":5,"column":4},"end":{"line":19,"column":5}},"1":{"start":{"line":6,"column":31},"end":{"line":6,"column":62}},"2":{"start":{"line":7,"column":24},"end":{"line":11,"column":10}},"3":{"start":{"line":13,"column":8},"end":{"line":13,"column":29}},"4":{"start":{"line":14,"column":8},"end":{"line":14,"column":60}},"5":{"start":{"line":15,"column":8},"end":{"line":15,"column":23}},"6":{"start":{"line":17,"column":8},"end":{"line":17,"column":55}},"7":{"start":{"line":18,"column":8},"end":{"line":18,"column":18}},"8":{"start":{"line":23,"column":4},"end":{"line":29,"column":5}},"9":{"start":{"line":24,"column":22},"end":{"line":24,"column":39}},"10":{"start":{"line":25,"column":8},"end":{"line":25,"column":21}},"11":{"start":{"line":27,"column":8},"end":{"line":27,"column":54}},"12":{"start":{"line":28,"column":8},"end":{"line":28,"column":18}},"13":{"start":{"line":33,"column":4},"end":{"line":39,"column":5}},"14":{"start":{"line":34,"column":21},"end":{"line":34,"column":44}},"15":{"start":{"line":35,"column":8},"end":{"line":35,"column":20}},"16":{"start":{"line":37,"column":8},"end":{"line":37,"column":54}},"17":{"start":{"line":38,"column":8},"end":{"line":38,"column":18}},"18":{"start":{"line":43,"column":4},"end":{"line":57,"column":5}},"19":{"start":{"line":44,"column":21},"end":{"line":47,"column":10}},"20":{"start":{"line":49,"column":8},"end":{"line":51,"column":9}},"21":{"start":{"line":50,"column":12},"end":{"line":50,"column":54}},"22":{"start":{"line":53,"column":8},"end":{"line":53,"column":20}},"23":{"start":{"line":55,"column":8},"end":{"line":55,"column":54}},"24":{"start":{"line":56,"column":8},"end":{"line":56,"column":18}},"25":{"start":{"line":62,"column":4},"end":{"line":73,"column":5}},"26":{"start":{"line":64,"column":10},"end":{"line":64,"column":42}},"27":{"start":{"line":65,"column":8},"end":{"line":67,"column":9}},"28":{"start":{"line":66,"column":12},"end":{"line":66,"column":54}},"29":{"start":{"line":68,"column":8},"end":{"line":68,"column":20}},"30":{"start":{"line":71,"column":8},"end":{"line":71,"column":55}},"31":{"start":{"line":72,"column":8},"end":{"line":72,"column":18}}},"fnMap":{"0":{"name":"createUser","decl":{"start":{"line":4,"column":15},"end":{"line":4,"column":25}},"loc":{"start":{"line":4,"column":49},"end":{"line":20,"column":1}},"line":4},"1":{"name":"getUsers","decl":{"start":{"line":22,"column":15},"end":{"line":22,"column":23}},"loc":{"start":{"line":22,"column":26},"end":{"line":30,"column":1}},"line":22},"2":{"name":"getUser","decl":{"start":{"line":32,"column":15},"end":{"line":32,"column":22}},"loc":{"start":{"line":32,"column":27},"end":{"line":40,"column":1}},"line":32},"3":{"name":"chUser","decl":{"start":{"line":42,"column":15},"end":{"line":42,"column":21}},"loc":{"start":{"line":42,"column":32},"end":{"line":58,"column":1}},"line":42},"4":{"name":"delUser","decl":{"start":{"line":61,"column":15},"end":{"line":61,"column":22}},"loc":{"start":{"line":61,"column":27},"end":{"line":74,"column":1}},"line":61}},"branchMap":{"0":{"loc":{"start":{"line":49,"column":8},"end":{"line":51,"column":9}},"type":"if","locations":[{"start":{"line":49,"column":8},"end":{"line":51,"column":9}},{"start":{},"end":{}}],"line":49},"1":{"loc":{"start":{"line":65,"column":8},"end":{"line":67,"column":9}},"type":"if","locations":[{"start":{"line":65,"column":8},"end":{"line":67,"column":9}},{"start":{},"end":{}}],"line":65}},"s":{"0":2,"1":2,"2":1,"3":1,"4":0,"5":0,"6":2,"7":2,"8":4,"9":4,"10":3,"11":1,"12":1,"13":2,"14":2,"15":1,"16":1,"17":1,"18":3,"19":3,"20":2,"21":1,"22":1,"23":2,"24":2,"25":2,"26":2,"27":2,"28":1,"29":1,"30":1,"31":1},"f":{"0":2,"1":4,"2":2,"3":3,"4":2},"b":{"0":[1,1],"1":[1,1]},"_coverageSchema":"1a1c01bbd47fc00a2c39e90264f33305004495a9","hash":"bb84165a7cd9437119f76facbcb5b4d9d97b08c3"}
,"/home/crcttec/node-api/node-api/src/models/userModel.js": {"path":"/home/crcttec/node-api/node-api/src/models/userModel.js","statementMap":{"0":{"start":{"line":4,"column":19},"end":{"line":4,"column":69}},"1":{"start":{"line":6,"column":19},"end":{"line":24,"column":24}},"2":{"start":{"line":14,"column":16},"end":{"line":14,"column":42}},"3":{"start":{"line":16,"column":30},"end":{"line":16,"column":70}},"4":{"start":{"line":26,"column":13},"end":{"line":26,"column":38}}},"fnMap":{"0":{"name":"(anonymous_0)","decl":{"start":{"line":13,"column":23},"end":{"line":13,"column":24}},"loc":{"start":{"line":13,"column":35},"end":{"line":15,"column":13}},"line":13},"1":{"name":"(anonymous_1)","decl":{"start":{"line":16,"column":21},"end":{"line":16,"column":22}},"loc":{"start":{"line":16,"column":30},"end":{"line":16,"column":70}},"line":16}},"branchMap":{},"s":{"0":3,"1":3,"2":10,"3":1,"4":3},"f":{"0":10,"1":1},"b":{},"_coverageSchema":"1a1c01bbd47fc00a2c39e90264f33305004495a9","hash":"3e1c3b9c7b6507e5c339f228f1b6aa781cddf18b"}
,"/home/crcttec/node-api/node-api/src/routes/userRoutes.js": {"path":"/home/crcttec/node-api/node-api/src/routes/userRoutes.js","statementMap":{"0":{"start":{"line":2,"column":15},"end":{"line":2,"column":23}},"1":{"start":{"line":5,"column":0},"end":{"line":13,"column":3}},"2":{"start":{"line":6,"column":38},"end":{"line":6,"column":46}},"3":{"start":{"line":7,"column":4},"end":{"line":12,"column":5}},"4":{"start":{"line":8,"column":24},"end":{"line":8,"column":63}},"5":{"start":{"line":9,"column":8},"end":{"line":9,"column":38}},"6":{"start":{"line":11,"column":8},"end":{"line":11,"column":65}},"7":{"start":{"line":15,"column":0},"end":{"line":22,"column":3}},"8":{"start":{"line":16,"column":4},"end":{"line":21,"column":5}},"9":{"start":{"line":17,"column":22},"end":{"line":17,"column":38}},"10":{"start":{"line":18,"column":8},"end":{"line":18,"column":36}},"11":{"start":{"line":20,"column":8},"end":{"line":20,"column":66}},"12":{"start":{"line":24,"column":0},"end":{"line":31,"column":3}},"13":{"start":{"line":25,"column":4},"end":{"line":30,"column":5}},"14":{"start":{"line":26,"column":21},"end":{"line":26,"column":49}},"15":{"start":{"line":27,"column":8},"end":{"line":27,"column":35}},"16":{"start":{"line":29,"column":8},"end":{"line":29,"column":65}},"17":{"start":{"line":33,"column":0},"end":{"line":43,"column":3}},"18":{"start":{"line":34,"column":4},"end":{"line":42,"column":5}},"19":{"start":{"line":35,"column":21},"end":{"line":35,"column":58}},"20":{"start":{"line":36,"column":8},"end":{"line":36,"column":35}},"21":{"start":{"line":38,"column":8},"end":{"line":40,"column":9}},"22":{"start":{"line":39,"column":12},"end":{"line":39,"column":64}},"23":{"start":{"line":41,"column":8},"end":{"line":41,"column":66}},"24":{"start":{"line":45,"column":0},"end":{"line":55,"column":3}},"25":{"start":{"line":46,"column":4},"end":{"line":54,"column":5}},"26":{"start":{"line":47,"column":21},"end":{"line":47,"column":49}},"27":{"start":{"line":48,"column":8},"end":{"line":48,"column":35}},"28":{"start":{"line":50,"column":8},"end":{"line":52,"column":9}},"29":{"start":{"line":51,"column":12},"end":{"line":51,"column":64}},"30":{"start":{"line":53,"column":8},"end":{"line":53,"column":67}}},"fnMap":{"0":{"name":"(anonymous_0)","decl":{"start":{"line":5,"column":22},"end":{"line":5,"column":23}},"loc":{"start":{"line":5,"column":42},"end":{"line":13,"column":1}},"line":5},"1":{"name":"(anonymous_1)","decl":{"start":{"line":15,"column":21},"end":{"line":15,"column":22}},"loc":{"start":{"line":15,"column":41},"end":{"line":22,"column":1}},"line":15},"2":{"name":"(anonymous_2)","decl":{"start":{"line":24,"column":25},"end":{"line":24,"column":26}},"loc":{"start":{"line":24,"column":45},"end":{"line":31,"column":1}},"line":24},"3":{"name":"(anonymous_3)","decl":{"start":{"line":33,"column":25},"end":{"line":33,"column":26}},"loc":{"start":{"line":33,"column":45},"end":{"line":43,"column":1}},"line":33},"4":{"name":"(anonymous_4)","decl":{"start":{"line":45,"column":28},"end":{"line":45,"column":29}},"loc":{"start":{"line":45,"column":48},"end":{"line":55,"column":1}},"line":45}},"branchMap":{"0":{"loc":{"start":{"line":38,"column":8},"end":{"line":40,"column":9}},"type":"if","locations":[{"start":{"line":38,"column":8},"end":{"line":40,"column":9}},{"start":{},"end":{}}],"line":38},"1":{"loc":{"start":{"line":50,"column":8},"end":{"line":52,"column":9}},"type":"if","locations":[{"start":{"line":50,"column":8},"end":{"line":52,"column":9}},{"start":{},"end":{}}],"line":50}},"s":{"0":1,"1":1,"2":1,"3":1,"4":1,"5":0,"6":1,"7":1,"8":2,"9":2,"10":2,"11":0,"12":1,"13":2,"14":2,"15":1,"16":1,"17":1,"18":3,"19":3,"20":1,"21":2,"22":1,"23":1,"24":1,"25":2,"26":2,"27":1,"28":1,"29":1,"30":0},"f":{"0":1,"1":2,"2":2,"3":3,"4":2},"b":{"0":[1,1],"1":[1,0]},"_coverageSchema":"1a1c01bbd47fc00a2c39e90264f33305004495a9","hash":"462b67dece797103fbed4ce6c710edea45fd325a"}
,"/home/crcttec/node-api/node-api/src/utils/memoryDb.js": {"path":"/home/crcttec/node-api/node-api/src/utils/memoryDb.js","statementMap":{"0":{"start":{"line":7,"column":4},"end":{"line":24,"column":5}},"1":{"start":{"line":8,"column":8},"end":{"line":8,"column":58}},"2":{"start":{"line":10,"column":8},"end":{"line":10,"column":55}},"3":{"start":{"line":11,"column":20},"end":{"line":11,"column":40}},"4":{"start":{"line":13,"column":8},"end":{"line":16,"column":11}},"5":{"start":{"line":18,"column":8},"end":{"line":18,"column":58}},"6":{"start":{"line":20,"column":8},"end":{"line":20,"column":24}},"7":{"start":{"line":22,"column":8},"end":{"line":22,"column":68}},"8":{"start":{"line":23,"column":8},"end":{"line":23,"column":18}},"9":{"start":{"line":28,"column":4},"end":{"line":38,"column":5}},"10":{"start":{"line":29,"column":8},"end":{"line":31,"column":9}},"11":{"start":{"line":30,"column":12},"end":{"line":30,"column":40}},"12":{"start":{"line":32,"column":8},"end":{"line":34,"column":9}},"13":{"start":{"line":33,"column":12},"end":{"line":33,"column":37}},"14":{"start":{"line":35,"column":8},"end":{"line":35,"column":61}},"15":{"start":{"line":37,"column":8},"end":{"line":37,"column":67}},"16":{"start":{"line":42,"column":4},"end":{"line":54,"column":5}},"17":{"start":{"line":43,"column":28},"end":{"line":43,"column":59}},"18":{"start":{"line":46,"column":8},"end":{"line":49,"column":9}},"19":{"start":{"line":47,"column":31},"end":{"line":47,"column":47}},"20":{"start":{"line":48,"column":12},"end":{"line":48,"column":42}},"21":{"start":{"line":51,"column":8},"end":{"line":51,"column":58}},"22":{"start":{"line":53,"column":8},"end":{"line":53,"column":76}}},"fnMap":{"0":{"name":"connectMemoryDB","decl":{"start":{"line":6,"column":22},"end":{"line":6,"column":37}},"loc":{"start":{"line":6,"column":40},"end":{"line":25,"column":1}},"line":6},"1":{"name":"closeMemoryDB","decl":{"start":{"line":27,"column":22},"end":{"line":27,"column":35}},"loc":{"start":{"line":27,"column":38},"end":{"line":39,"column":1}},"line":27},"2":{"name":"clearMemoryDB","decl":{"start":{"line":41,"column":22},"end":{"line":41,"column":35}},"loc":{"start":{"line":41,"column":38},"end":{"line":55,"column":1}},"line":41}},"branchMap":{"0":{"loc":{"start":{"line":29,"column":8},"end":{"line":31,"column":9}},"type":"if","locations":[{"start":{"line":29,"column":8},"end":{"line":31,"column":9}},{"start":{},"end":{}}],"line":29},"1":{"loc":{"start":{"line":32,"column":8},"end":{"line":34,"column":9}},"type":"if","locations":[{"start":{"line":32,"column":8},"end":{"line":34,"column":9}},{"start":{},"end":{}}],"line":32}},"s":{"0":2,"1":2,"2":2,"3":2,"4":2,"5":2,"6":2,"7":0,"8":0,"9":2,"10":2,"11":2,"12":2,"13":2,"14":2,"15":0,"16":13,"17":13,"18":13,"19":13,"20":13,"21":13,"22":0},"f":{"0":2,"1":2,"2":13},"b":{"0":[2,0],"1":[2,0]},"_coverageSchema":"1a1c01bbd47fc00a2c39e90264f33305004495a9","hash":"92818c4b5f8ed6faa06d075b19c646ee2d8b2f1c"}
}
