TN:
SF:src/controllers/userController.js
FN:4,createUser
FN:22,getUsers
FN:32,getUser
FN:42,chUser
FN:61,delUser
FNF:5
FNH:5
FNDA:2,createUser
FNDA:4,getUsers
FNDA:2,getUser
FNDA:3,chUser
FNDA:2,delUser
DA:5,2
DA:6,2
DA:7,1
DA:13,1
DA:14,0
DA:15,0
DA:17,2
DA:18,2
DA:23,4
DA:24,4
DA:25,3
DA:27,1
DA:28,1
DA:33,2
DA:34,2
DA:35,1
DA:37,1
DA:38,1
DA:43,3
DA:44,3
DA:49,2
DA:50,1
DA:53,1
DA:55,2
DA:56,2
DA:62,2
DA:64,2
DA:65,2
DA:66,1
DA:68,1
DA:71,1
DA:72,1
LF:32
LH:30
BRDA:49,0,0,1
BRDA:49,0,1,1
BRDA:65,1,0,1
BRDA:65,1,1,1
BRF:4
BRH:4
end_of_record
TN:
SF:src/models/userModel.js
FN:13,(anonymous_0)
FN:16,(anonymous_1)
FNF:2
FNH:2
FNDA:10,(anonymous_0)
FNDA:1,(anonymous_1)
DA:4,3
DA:6,3
DA:14,10
DA:16,1
DA:26,3
LF:5
LH:5
BRF:0
BRH:0
end_of_record
TN:
SF:src/routes/userRoutes.js
FN:5,(anonymous_0)
FN:15,(anonymous_1)
FN:24,(anonymous_2)
FN:33,(anonymous_3)
FN:45,(anonymous_4)
FNF:5
FNH:5
FNDA:1,(anonymous_0)
FNDA:2,(anonymous_1)
FNDA:2,(anonymous_2)
FNDA:3,(anonymous_3)
FNDA:2,(anonymous_4)
DA:2,1
DA:5,1
DA:6,1
DA:7,1
DA:8,1
DA:9,0
DA:11,1
DA:15,1
DA:16,2
DA:17,2
DA:18,2
DA:20,0
DA:24,1
DA:25,2
DA:26,2
DA:27,1
DA:29,1
DA:33,1
DA:34,3
DA:35,3
DA:36,1
DA:38,2
DA:39,1
DA:41,1
DA:45,1
DA:46,2
DA:47,2
DA:48,1
DA:50,1
DA:51,1
DA:53,0
LF:31
LH:28
BRDA:38,0,0,1
BRDA:38,0,1,1
BRDA:50,1,0,1
BRDA:50,1,1,0
BRF:4
BRH:3
end_of_record
TN:
SF:src/utils/memoryDb.js
FN:6,connectMemoryDB
FN:27,closeMemoryDB
FN:41,clearMemoryDB
FNF:3
FNH:3
FNDA:2,connectMemoryDB
FNDA:2,closeMemoryDB
FNDA:13,clearMemoryDB
DA:7,2
DA:8,2
DA:10,2
DA:11,2
DA:13,2
DA:18,2
DA:20,2
DA:22,0
DA:23,0
DA:28,2
DA:29,2
DA:30,2
DA:32,2
DA:33,2
DA:35,2
DA:37,0
DA:42,13
DA:43,13
DA:46,13
DA:47,13
DA:48,13
DA:51,13
DA:53,0
LF:23
LH:19
BRDA:29,0,0,2
BRDA:29,0,1,0
BRDA:32,1,0,2
BRDA:32,1,1,0
BRF:4
BRH:2
end_of_record
